<?xml version="1.0" encoding="UTF-8"?>
<!-- Generated by org.testng.reporters.JUnitReportReporter -->
<testsuite hostname="VSP-64QD6Q3" failures="0" tests="1" name="SeleniumExamples.ExampleImport" time="4.238" errors="0" timestamp="2022-08-24T16:10:36 IST" skipped="0">
  <testcase classname="SeleniumExamples.ExampleImport" name="f" time="4.238"/>
  <system-out/>
</testsuite> <!-- SeleniumExamples.ExampleImport -->
