<?xml version="1.0" encoding="UTF-8"?>
<!-- Generated by org.testng.reporters.JUnitReportReporter -->
<testsuite hostname="VSP-64QD6Q3" failures="0" tests="1" name="SeleniumExamples.Amazon" time="6.527" errors="0" timestamp="2022-12-27T12:32:01 IST" skipped="0">
  <testcase classname="SeleniumExamples.Amazon" name="f" time="6.527"/>
  <system-out/>
</testsuite> <!-- SeleniumExamples.Amazon -->
