<?xml version="1.0" encoding="UTF-8"?>
<!-- Generated by org.testng.reporters.JUnitReportReporter -->
<testsuite hostname="VSP-64QD6Q3" failures="0" tests="1" name="SeleniumExamples.NewTest" time="7.374" errors="0" timestamp="2022-08-25T16:23:05 IST" skipped="0">
  <testcase classname="SeleniumExamples.NewTest" name="f" time="7.374"/>
  <system-out/>
</testsuite> <!-- SeleniumExamples.NewTest -->
