<?xml version="1.0" encoding="UTF-8"?>
<!-- Generated by org.testng.reporters.JUnitReportReporter -->
<testsuite hostname="VSP-64QD6Q3" failures="0" tests="1" name="SeleniumExamples.class1" time="6.345" errors="0" timestamp="2022-09-13T18:03:46 IST" skipped="0">
  <testcase classname="SeleniumExamples.class1" name="classrun" time="6.345"/>
  <system-out/>
</testsuite> <!-- SeleniumExamples.class1 -->
