<?xml version="1.0" encoding="UTF-8"?>
<!-- Generated by org.testng.reporters.JUnitReportReporter -->
<testsuite hostname="VSP-64QD6Q3" failures="0" tests="4" name="SeleniumExamples.NewTest1" time="6.987" errors="0" timestamp="2022-08-23T16:11:37 IST" skipped="0">
  <testcase classname="SeleniumExamples.NewTest1" name="test2" time="0.756"/>
  <system-out/>
  <testcase classname="SeleniumExamples.NewTest1" name="test2" time="0.903"/>
  <system-out/>
  <testcase classname="SeleniumExamples.NewTest1" name="test1" time="2.561"/>
  <system-out/>
  <testcase classname="SeleniumExamples.NewTest1" name="test1" time="2.767"/>
  <system-out/>
</testsuite> <!-- SeleniumExamples.NewTest1 -->
