<?xml version="1.0" encoding="UTF-8"?>
<!-- Generated by org.testng.reporters.JUnitReportReporter -->
<testsuite hostname="VSP-64QD6Q3" failures="0" tests="1" name="SeleniumExamples.Screenshots" time="7.665" errors="0" timestamp="2022-09-08T16:41:54 IST" skipped="0">
  <testcase classname="SeleniumExamples.Screenshots" name="f" time="7.665"/>
  <system-out/>
</testsuite> <!-- SeleniumExamples.Screenshots -->
