<?xml version="1.0" encoding="UTF-8"?>
<!-- Generated by org.testng.reporters.JUnitReportReporter -->
<testsuite hostname="VSP-64QD6Q3" failures="0" tests="1" name="SeleniumExamples.AppTest" time="6.253" errors="0" timestamp="2022-08-23T16:11:37 IST" skipped="0">
  <testcase classname="SeleniumExamples.AppTest" name="VerifyLogin" time="6.253"/>
  <system-out/>
</testsuite> <!-- SeleniumExamples.AppTest -->
