<?xml version="1.0" encoding="UTF-8"?>
<!-- Generated by org.testng.reporters.JUnitReportReporter -->
<testsuite hostname="VSP-64QD6Q3" failures="0" tests="1" name="SeleniumExamples.sql2" time="0.975" errors="0" timestamp="2022-09-01T18:16:31 IST" skipped="0">
  <testcase classname="SeleniumExamples.sql2" name="f" time="0.975"/>
  <system-out/>
</testsuite> <!-- SeleniumExamples.sql2 -->
