<?xml version="1.0" encoding="UTF-8"?>
<!-- Generated by org.testng.reporters.JUnitReportReporter -->
<testsuite hostname="VSP-64QD6Q3" failures="0" tests="1" name="rahulshetty.Streams" time="0.009" errors="0" timestamp="2022-11-29T18:18:07 IST" skipped="0">
  <testcase classname="rahulshetty.Streams" name="StreamCollect" time="0.009"/>
  <system-out/>
</testsuite> <!-- rahulshetty.Streams -->
