<?xml version="1.0" encoding="UTF-8"?>
<!-- Generated by org.testng.reporters.JUnitReportReporter -->
<testsuite hostname="VSP-64QD6Q3" failures="0" tests="1" name="rahulshetty.test1" time="0.010" errors="0" timestamp="2022-11-29T12:17:47 IST" skipped="0">
  <testcase classname="rahulshetty.test1" name="main" time="0.010"/>
  <system-out/>
</testsuite> <!-- rahulshetty.test1 -->
