<?xml version="1.0" encoding="UTF-8"?>
<!-- Generated by org.testng.reporters.JUnitReportReporter -->
<testsuite hostname="VSP-64QD6Q3" failures="0" tests="1" name="rahulshetty.LiveDemoStream" time="3.429" errors="0" timestamp="2022-11-30T15:20:09 IST" skipped="0">
  <testcase classname="rahulshetty.LiveDemoStream" name="f" time="3.429"/>
  <system-out/>
</testsuite> <!-- rahulshetty.LiveDemoStream -->
